This file contains any messages produced by compilers while
running configure, to aid debugging if configure makes a mistake.

It was created by clewn configure 1.15, which was
generated by GNU Autoconf 2.61.  Invocation command line was

  $ ./configure --prefix=/root

## --------- ##
## Platform. ##
## --------- ##

hostname = bg-centos68x64.rackwareinc.lab
uname -m = x86_64
uname -r = 2.6.32-642.el6.x86_64
uname -s = Linux
uname -v = #1 SMP Tue May 10 17:27:01 UTC 2016

/usr/bin/uname -p = unknown
/bin/uname -X     = unknown

/bin/arch              = x86_64
/usr/bin/arch -k       = unknown
/usr/convex/getsysinfo = unknown
/usr/bin/hostinfo      = unknown
/bin/machine           = unknown
/usr/bin/oslevel       = unknown
/bin/universe          = unknown

PATH: /usr/local/sbin
PATH: /usr/local/bin
PATH: /sbin
PATH: /bin
PATH: /usr/sbin
PATH: /usr/bin
PATH: /root/bin


## ----------- ##
## Core tests. ##
## ----------- ##

configure:1787: checking for a BSD-compatible install
configure:1843: result: /usr/bin/install -c
configure:1854: checking whether build environment is sane
configure:1897: result: yes
configure:1962: checking for gawk
configure:1978: found /bin/gawk
configure:1989: result: gawk
configure:2000: checking whether make sets $(MAKE)
configure:2021: result: yes
configure:2205: checking whether to enable maintainer-specific portions of Makefiles
configure:2214: result: no
configure:2309: checking for gcc
configure:2325: found /usr/bin/gcc
configure:2336: result: gcc
configure:2574: checking for C compiler version
configure:2581: gcc --version >&5
gcc (GCC) 4.4.7 20120313 (Red Hat 4.4.7-18)
Copyright (C) 2010 Free Software Foundation, Inc.
This is free software; see the source for copying conditions.  There is NO
warranty; not even for MERCHANTABILITY or FITNESS FOR A PARTICULAR PURPOSE.

configure:2584: $? = 0
configure:2591: gcc -v >&5
Using built-in specs.
Target: x86_64-redhat-linux
Configured with: ../configure --prefix=/usr --mandir=/usr/share/man --infodir=/usr/share/info --with-bugurl=http://bugzilla.redhat.com/bugzilla --enable-bootstrap --enable-shared --enable-threads=posix --enable-checking=release --with-system-zlib --enable-__cxa_atexit --disable-libunwind-exceptions --enable-gnu-unique-object --enable-languages=c,c++,objc,obj-c++,java,fortran,ada --enable-java-awt=gtk --disable-dssi --with-java-home=/usr/lib/jvm/java-1.5.0-gcj-1.5.0.0/jre --enable-libgcj-multifile --enable-java-maintainer-mode --with-ecj-jar=/usr/share/java/eclipse-ecj.jar --disable-libjava-multilib --with-ppl --with-cloog --with-tune=generic --with-arch_32=i686 --build=x86_64-redhat-linux
Thread model: posix
gcc version 4.4.7 20120313 (Red Hat 4.4.7-18) (GCC) 
configure:2594: $? = 0
configure:2601: gcc -V >&5
gcc: '-V' option must have argument
configure:2604: $? = 1
configure:2627: checking for C compiler default output file name
configure:2654: gcc    conftest.c  >&5
configure:2657: $? = 0
configure:2695: result: a.out
configure:2712: checking whether the C compiler works
configure:2722: ./a.out
configure:2725: $? = 0
configure:2742: result: yes
configure:2749: checking whether we are cross compiling
configure:2751: result: no
configure:2754: checking for suffix of executables
configure:2761: gcc -o conftest    conftest.c  >&5
configure:2764: $? = 0
configure:2788: result: 
configure:2794: checking for suffix of object files
configure:2820: gcc -c   conftest.c >&5
configure:2823: $? = 0
configure:2846: result: o
configure:2850: checking whether we are using the GNU C compiler
configure:2879: gcc -c   conftest.c >&5
configure:2885: $? = 0
configure:2902: result: yes
configure:2907: checking whether gcc accepts -g
configure:2937: gcc -c -g  conftest.c >&5
configure:2943: $? = 0
configure:3042: result: yes
configure:3059: checking for gcc option to accept ISO C89
configure:3133: gcc  -c -g -O2  conftest.c >&5
configure:3139: $? = 0
configure:3162: result: none needed
configure:3191: checking for style of include used by make
configure:3219: result: GNU
configure:3247: checking dependency style of gcc
configure:3337: result: gcc3
configure:3358: checking for initscr in -lcurses
configure:3393: gcc -o conftest -g -O2   conftest.c -lcurses   >&5
configure:3399: $? = 0
configure:3417: result: yes
configure:3439: checking how to run the C preprocessor
configure:3479: gcc -E  conftest.c
configure:3485: $? = 0
configure:3516: gcc -E  conftest.c
conftest.c:11:28: error: ac_nonexistent.h: No such file or directory
configure:3522: $? = 1
configure: failed program was:
| /* confdefs.h.  */
| #define PACKAGE_NAME "clewn"
| #define PACKAGE_TARNAME "clewn"
| #define PACKAGE_VERSION "1.15"
| #define PACKAGE_STRING "clewn 1.15"
| #define PACKAGE_BUGREPORT "xdegaye@users.sourceforge.net"
| #define PACKAGE "clewn"
| #define VERSION "1.15"
| #define HAVE_LIBCURSES 1
| /* end confdefs.h.  */
| #include <ac_nonexistent.h>
configure:3555: result: gcc -E
configure:3584: gcc -E  conftest.c
configure:3590: $? = 0
configure:3621: gcc -E  conftest.c
conftest.c:11:28: error: ac_nonexistent.h: No such file or directory
configure:3627: $? = 1
configure: failed program was:
| /* confdefs.h.  */
| #define PACKAGE_NAME "clewn"
| #define PACKAGE_TARNAME "clewn"
| #define PACKAGE_VERSION "1.15"
| #define PACKAGE_STRING "clewn 1.15"
| #define PACKAGE_BUGREPORT "xdegaye@users.sourceforge.net"
| #define PACKAGE "clewn"
| #define VERSION "1.15"
| #define HAVE_LIBCURSES 1
| /* end confdefs.h.  */
| #include <ac_nonexistent.h>
configure:3665: checking for grep that handles long lines and -e
configure:3739: result: /bin/grep
configure:3744: checking for egrep
configure:3822: result: /bin/grep -E
configure:3827: checking for ANSI C header files
configure:3857: gcc -c -g -O2  conftest.c >&5
configure:3863: $? = 0
configure:3962: gcc -o conftest -g -O2   conftest.c -lcurses  >&5
configure:3965: $? = 0
configure:3971: ./conftest
configure:3974: $? = 0
configure:3991: result: yes
configure:4015: checking for sys/types.h
configure:4036: gcc -c -g -O2  conftest.c >&5
configure:4042: $? = 0
configure:4058: result: yes
configure:4015: checking for sys/stat.h
configure:4036: gcc -c -g -O2  conftest.c >&5
configure:4042: $? = 0
configure:4058: result: yes
configure:4015: checking for stdlib.h
configure:4036: gcc -c -g -O2  conftest.c >&5
configure:4042: $? = 0
configure:4058: result: yes
configure:4015: checking for string.h
configure:4036: gcc -c -g -O2  conftest.c >&5
configure:4042: $? = 0
configure:4058: result: yes
configure:4015: checking for memory.h
configure:4036: gcc -c -g -O2  conftest.c >&5
configure:4042: $? = 0
configure:4058: result: yes
configure:4015: checking for strings.h
configure:4036: gcc -c -g -O2  conftest.c >&5
configure:4042: $? = 0
configure:4058: result: yes
configure:4015: checking for inttypes.h
configure:4036: gcc -c -g -O2  conftest.c >&5
configure:4042: $? = 0
configure:4058: result: yes
configure:4015: checking for stdint.h
configure:4036: gcc -c -g -O2  conftest.c >&5
configure:4042: $? = 0
configure:4058: result: yes
configure:4015: checking for unistd.h
configure:4036: gcc -c -g -O2  conftest.c >&5
configure:4042: $? = 0
configure:4058: result: yes
configure:4086: checking readline/readline.h usability
configure:4103: gcc -c -g -O2  conftest.c >&5
configure:4109: $? = 0
configure:4123: result: yes
configure:4127: checking readline/readline.h presence
configure:4142: gcc -E  conftest.c
configure:4148: $? = 0
configure:4162: result: yes
configure:4195: checking for readline/readline.h
configure:4203: result: yes
configure:4086: checking readline/history.h usability
configure:4103: gcc -c -g -O2  conftest.c >&5
configure:4109: $? = 0
configure:4123: result: yes
configure:4127: checking readline/history.h presence
configure:4142: gcc -E  conftest.c
configure:4148: $? = 0
configure:4162: result: yes
configure:4195: checking for readline/history.h
configure:4203: result: yes
configure:4221: checking for rl_initialize in -lreadline
configure:4256: gcc -o conftest -g -O2   conftest.c -lreadline  -lcurses  >&5
configure:4262: $? = 0
configure:4280: result: yes
configure:4297: checking for rl_ding
configure:4323: gcc -o conftest -g -O2   conftest.c -lreadline -lcurses  >&5
configure:4329: $? = 0
configure:4335: result: yes
configure:4353: checking for rl_replace_line
configure:4379: gcc -o conftest -g -O2   conftest.c -lreadline -lcurses  >&5
configure:4385: $? = 0
configure:4391: result: yes
configure:4409: checking for rl_command_func_t typedef
configure:4435: gcc -c -g -O2  conftest.c >&5
configure:4441: $? = 0
configure:4446: result: yes
configure:4463: checking for socket
configure:4519: gcc -o conftest -g -O2   conftest.c -lreadline -lcurses  >&5
configure:4525: $? = 0
configure:4542: result: yes
configure:4570: checking sys/socket.h usability
configure:4587: gcc -c -g -O2  conftest.c >&5
configure:4593: $? = 0
configure:4607: result: yes
configure:4611: checking sys/socket.h presence
configure:4626: gcc -E  conftest.c
configure:4632: $? = 0
configure:4646: result: yes
configure:4679: checking for sys/socket.h
configure:4687: result: yes
configure:4570: checking netinet/in.h usability
configure:4587: gcc -c -g -O2  conftest.c >&5
configure:4593: $? = 0
configure:4607: result: yes
configure:4611: checking netinet/in.h presence
configure:4626: gcc -E  conftest.c
configure:4632: $? = 0
configure:4646: result: yes
configure:4679: checking for netinet/in.h
configure:4687: result: yes
configure:4570: checking netdb.h usability
configure:4587: gcc -c -g -O2  conftest.c >&5
configure:4593: $? = 0
configure:4607: result: yes
configure:4611: checking netdb.h presence
configure:4626: gcc -E  conftest.c
configure:4632: $? = 0
configure:4646: result: yes
configure:4679: checking for netdb.h
configure:4687: result: yes
configure:4570: checking arpa/inet.h usability
configure:4587: gcc -c -g -O2  conftest.c >&5
configure:4593: $? = 0
configure:4607: result: yes
configure:4611: checking arpa/inet.h presence
configure:4626: gcc -E  conftest.c
configure:4632: $? = 0
configure:4646: result: yes
configure:4679: checking for arpa/inet.h
configure:4687: result: yes
configure:4706: checking for socket in -lsocket
configure:4741: gcc -o conftest -g -O2   conftest.c -lsocket  -lreadline -lcurses  >&5
/usr/bin/ld: cannot find -lsocket
collect2: ld returned 1 exit status
configure:4747: $? = 1
configure: failed program was:
| /* confdefs.h.  */
| #define PACKAGE_NAME "clewn"
| #define PACKAGE_TARNAME "clewn"
| #define PACKAGE_VERSION "1.15"
| #define PACKAGE_STRING "clewn 1.15"
| #define PACKAGE_BUGREPORT "xdegaye@users.sourceforge.net"
| #define PACKAGE "clewn"
| #define VERSION "1.15"
| #define HAVE_LIBCURSES 1
| #define STDC_HEADERS 1
| #define HAVE_SYS_TYPES_H 1
| #define HAVE_SYS_STAT_H 1
| #define HAVE_STDLIB_H 1
| #define HAVE_STRING_H 1
| #define HAVE_MEMORY_H 1
| #define HAVE_STRINGS_H 1
| #define HAVE_INTTYPES_H 1
| #define HAVE_STDINT_H 1
| #define HAVE_UNISTD_H 1
| #define HAVE_READLINE_READLINE_H 1
| #define HAVE_READLINE_HISTORY_H 1
| #define HAVE_LIBREADLINE 1
| #define HAVE_RL_DING 1
| #define HAVE_RL_REPLACE_LINE 1
| #define HAVE_RL_COMMAND_FUNC_T 1
| #define HAVE_SYS_SOCKET_H 1
| #define HAVE_NETINET_IN_H 1
| #define HAVE_NETDB_H 1
| #define HAVE_ARPA_INET_H 1
| /* end confdefs.h.  */
| 
| /* Override any GCC internal prototype to avoid an error.
|    Use char because int might match the return type of a GCC
|    builtin and then its argument prototype would still apply.  */
| #ifdef __cplusplus
| extern "C"
| #endif
| char socket ();
| int
| main ()
| {
| return socket ();
|   ;
|   return 0;
| }
configure:4765: result: no
configure:4777: checking for gethostbyname in -lnsl
configure:4812: gcc -o conftest -g -O2   conftest.c -lnsl  -lreadline -lcurses  >&5
configure:4818: $? = 0
configure:4836: result: yes
configure:4849: checking wether regexp can be used
configure:4880: gcc -o conftest -g -O2   conftest.c -lnsl -lreadline -lcurses  >&5
conftest.c: In function 'main':
conftest.c:42: warning: incompatible implicit declaration of built-in function 'exit'
configure:4883: $? = 0
configure:4889: ./conftest
configure:4892: $? = 0
configure:4894: result: yes
configure:4920: checking for dirent.h that defines DIR
configure:4949: gcc -c -g -O2  conftest.c >&5
configure:4955: $? = 0
configure:4971: result: yes
configure:4984: checking for library containing opendir
configure:5025: gcc -o conftest -g -O2   conftest.c -lnsl -lreadline -lcurses  >&5
configure:5031: $? = 0
configure:5059: result: none required
configure:5153: checking for ANSI C header files
configure:5317: result: yes
configure:5327: checking for sys/wait.h that is POSIX.1 compatible
configure:5363: gcc -c -g -O2  conftest.c >&5
configure:5369: $? = 0
configure:5384: result: yes
configure:5416: checking libintl.h usability
configure:5433: gcc -c -g -O2  conftest.c >&5
configure:5439: $? = 0
configure:5453: result: yes
configure:5457: checking libintl.h presence
configure:5472: gcc -E  conftest.c
configure:5478: $? = 0
configure:5492: result: yes
configure:5525: checking for libintl.h
configure:5533: result: yes
configure:5416: checking fcntl.h usability
configure:5433: gcc -c -g -O2  conftest.c >&5
configure:5439: $? = 0
configure:5453: result: yes
configure:5457: checking fcntl.h presence
configure:5472: gcc -E  conftest.c
configure:5478: $? = 0
configure:5492: result: yes
configure:5525: checking for fcntl.h
configure:5533: result: yes
configure:5416: checking malloc.h usability
configure:5433: gcc -c -g -O2  conftest.c >&5
configure:5439: $? = 0
configure:5453: result: yes
configure:5457: checking malloc.h presence
configure:5472: gcc -E  conftest.c
configure:5478: $? = 0
configure:5492: result: yes
configure:5525: checking for malloc.h
configure:5533: result: yes
configure:5406: checking for strings.h
configure:5412: result: yes
configure:5416: checking sys/ioctl.h usability
configure:5433: gcc -c -g -O2  conftest.c >&5
configure:5439: $? = 0
configure:5453: result: yes
configure:5457: checking sys/ioctl.h presence
configure:5472: gcc -E  conftest.c
configure:5478: $? = 0
configure:5492: result: yes
configure:5525: checking for sys/ioctl.h
configure:5533: result: yes
configure:5416: checking sys/time.h usability
configure:5433: gcc -c -g -O2  conftest.c >&5
configure:5439: $? = 0
configure:5453: result: yes
configure:5457: checking sys/time.h presence
configure:5472: gcc -E  conftest.c
configure:5478: $? = 0
configure:5492: result: yes
configure:5525: checking for sys/time.h
configure:5533: result: yes
configure:5416: checking termio.h usability
configure:5433: gcc -c -g -O2  conftest.c >&5
configure:5439: $? = 0
configure:5453: result: yes
configure:5457: checking termio.h presence
configure:5472: gcc -E  conftest.c
configure:5478: $? = 0
configure:5492: result: yes
configure:5525: checking for termio.h
configure:5533: result: yes
configure:5406: checking for unistd.h
configure:5412: result: yes
configure:5554: checking for string.h
configure:5560: result: yes
configure:5564: checking stddef.h usability
configure:5581: gcc -c -g -O2  conftest.c >&5
configure:5587: $? = 0
configure:5601: result: yes
configure:5605: checking stddef.h presence
configure:5620: gcc -E  conftest.c
configure:5626: $? = 0
configure:5640: result: yes
configure:5673: checking for stddef.h
configure:5681: result: yes
configure:5554: checking for stdlib.h
configure:5560: result: yes
configure:5554: checking for unistd.h
configure:5560: result: yes
configure:5711: checking sys/select.h usability
configure:5728: gcc -c -g -O2  conftest.c >&5
configure:5734: $? = 0
configure:5748: result: yes
configure:5752: checking sys/select.h presence
configure:5767: gcc -E  conftest.c
configure:5773: $? = 0
configure:5787: result: yes
configure:5820: checking for sys/select.h
configure:5828: result: yes
configure:5711: checking poll.h usability
configure:5728: gcc -c -g -O2  conftest.c >&5
configure:5734: $? = 0
configure:5748: result: yes
configure:5752: checking poll.h presence
configure:5767: gcc -E  conftest.c
configure:5773: $? = 0
configure:5787: result: yes
configure:5820: checking for poll.h
configure:5828: result: yes
configure:5711: checking sys/poll.h usability
configure:5728: gcc -c -g -O2  conftest.c >&5
configure:5734: $? = 0
configure:5748: result: yes
configure:5752: checking sys/poll.h presence
configure:5767: gcc -E  conftest.c
configure:5773: $? = 0
configure:5787: result: yes
configure:5820: checking for sys/poll.h
configure:5828: result: yes
configure:5859: checking stropts.h usability
configure:5876: gcc -c -g -O2  conftest.c >&5
conftest.c:83:21: error: stropts.h: No such file or directory
configure:5882: $? = 1
configure: failed program was:
| /* confdefs.h.  */
| #define PACKAGE_NAME "clewn"
| #define PACKAGE_TARNAME "clewn"
| #define PACKAGE_VERSION "1.15"
| #define PACKAGE_STRING "clewn 1.15"
| #define PACKAGE_BUGREPORT "xdegaye@users.sourceforge.net"
| #define PACKAGE "clewn"
| #define VERSION "1.15"
| #define HAVE_LIBCURSES 1
| #define STDC_HEADERS 1
| #define HAVE_SYS_TYPES_H 1
| #define HAVE_SYS_STAT_H 1
| #define HAVE_STDLIB_H 1
| #define HAVE_STRING_H 1
| #define HAVE_MEMORY_H 1
| #define HAVE_STRINGS_H 1
| #define HAVE_INTTYPES_H 1
| #define HAVE_STDINT_H 1
| #define HAVE_UNISTD_H 1
| #define HAVE_READLINE_READLINE_H 1
| #define HAVE_READLINE_HISTORY_H 1
| #define HAVE_LIBREADLINE 1
| #define HAVE_RL_DING 1
| #define HAVE_RL_REPLACE_LINE 1
| #define HAVE_RL_COMMAND_FUNC_T 1
| #define HAVE_SYS_SOCKET_H 1
| #define HAVE_NETINET_IN_H 1
| #define HAVE_NETDB_H 1
| #define HAVE_ARPA_INET_H 1
| #define HAVE_LIBNSL 1
| #define HAVE_DIRENT_H 1
| #define STDC_HEADERS 1
| #define HAVE_SYS_WAIT_H 1
| #define HAVE_LIBINTL_H 1
| #define HAVE_FCNTL_H 1
| #define HAVE_MALLOC_H 1
| #define HAVE_STRINGS_H 1
| #define HAVE_SYS_IOCTL_H 1
| #define HAVE_SYS_TIME_H 1
| #define HAVE_TERMIO_H 1
| #define HAVE_UNISTD_H 1
| #define HAVE_STRING_H 1
| #define HAVE_STDDEF_H 1
| #define HAVE_STDLIB_H 1
| #define HAVE_UNISTD_H 1
| #define HAVE_SYS_SELECT_H 1
| #define HAVE_POLL_H 1
| #define HAVE_SYS_POLL_H 1
| /* end confdefs.h.  */
| #include <stdio.h>
| #ifdef HAVE_SYS_TYPES_H
| # include <sys/types.h>
| #endif
| #ifdef HAVE_SYS_STAT_H
| # include <sys/stat.h>
| #endif
| #ifdef STDC_HEADERS
| # include <stdlib.h>
| # include <stddef.h>
| #else
| # ifdef HAVE_STDLIB_H
| #  include <stdlib.h>
| # endif
| #endif
| #ifdef HAVE_STRING_H
| # if !defined STDC_HEADERS && defined HAVE_MEMORY_H
| #  include <memory.h>
| # endif
| # include <string.h>
| #endif
| #ifdef HAVE_STRINGS_H
| # include <strings.h>
| #endif
| #ifdef HAVE_INTTYPES_H
| # include <inttypes.h>
| #endif
| #ifdef HAVE_STDINT_H
| # include <stdint.h>
| #endif
| #ifdef HAVE_UNISTD_H
| # include <unistd.h>
| #endif
| #include <stropts.h>
configure:5896: result: no
configure:5900: checking stropts.h presence
configure:5915: gcc -E  conftest.c
conftest.c:50:21: error: stropts.h: No such file or directory
configure:5921: $? = 1
configure: failed program was:
| /* confdefs.h.  */
| #define PACKAGE_NAME "clewn"
| #define PACKAGE_TARNAME "clewn"
| #define PACKAGE_VERSION "1.15"
| #define PACKAGE_STRING "clewn 1.15"
| #define PACKAGE_BUGREPORT "xdegaye@users.sourceforge.net"
| #define PACKAGE "clewn"
| #define VERSION "1.15"
| #define HAVE_LIBCURSES 1
| #define STDC_HEADERS 1
| #define HAVE_SYS_TYPES_H 1
| #define HAVE_SYS_STAT_H 1
| #define HAVE_STDLIB_H 1
| #define HAVE_STRING_H 1
| #define HAVE_MEMORY_H 1
| #define HAVE_STRINGS_H 1
| #define HAVE_INTTYPES_H 1
| #define HAVE_STDINT_H 1
| #define HAVE_UNISTD_H 1
| #define HAVE_READLINE_READLINE_H 1
| #define HAVE_READLINE_HISTORY_H 1
| #define HAVE_LIBREADLINE 1
| #define HAVE_RL_DING 1
| #define HAVE_RL_REPLACE_LINE 1
| #define HAVE_RL_COMMAND_FUNC_T 1
| #define HAVE_SYS_SOCKET_H 1
| #define HAVE_NETINET_IN_H 1
| #define HAVE_NETDB_H 1
| #define HAVE_ARPA_INET_H 1
| #define HAVE_LIBNSL 1
| #define HAVE_DIRENT_H 1
| #define STDC_HEADERS 1
| #define HAVE_SYS_WAIT_H 1
| #define HAVE_LIBINTL_H 1
| #define HAVE_FCNTL_H 1
| #define HAVE_MALLOC_H 1
| #define HAVE_STRINGS_H 1
| #define HAVE_SYS_IOCTL_H 1
| #define HAVE_SYS_TIME_H 1
| #define HAVE_TERMIO_H 1
| #define HAVE_UNISTD_H 1
| #define HAVE_STRING_H 1
| #define HAVE_STDDEF_H 1
| #define HAVE_STDLIB_H 1
| #define HAVE_UNISTD_H 1
| #define HAVE_SYS_SELECT_H 1
| #define HAVE_POLL_H 1
| #define HAVE_SYS_POLL_H 1
| /* end confdefs.h.  */
| #include <stropts.h>
configure:5935: result: no
configure:5968: checking for stropts.h
configure:5976: result: no
configure:5859: checking sys/stream.h usability
configure:5876: gcc -c -g -O2  conftest.c >&5
conftest.c:83:24: error: sys/stream.h: No such file or directory
configure:5882: $? = 1
configure: failed program was:
| /* confdefs.h.  */
| #define PACKAGE_NAME "clewn"
| #define PACKAGE_TARNAME "clewn"
| #define PACKAGE_VERSION "1.15"
| #define PACKAGE_STRING "clewn 1.15"
| #define PACKAGE_BUGREPORT "xdegaye@users.sourceforge.net"
| #define PACKAGE "clewn"
| #define VERSION "1.15"
| #define HAVE_LIBCURSES 1
| #define STDC_HEADERS 1
| #define HAVE_SYS_TYPES_H 1
| #define HAVE_SYS_STAT_H 1
| #define HAVE_STDLIB_H 1
| #define HAVE_STRING_H 1
| #define HAVE_MEMORY_H 1
| #define HAVE_STRINGS_H 1
| #define HAVE_INTTYPES_H 1
| #define HAVE_STDINT_H 1
| #define HAVE_UNISTD_H 1
| #define HAVE_READLINE_READLINE_H 1
| #define HAVE_READLINE_HISTORY_H 1
| #define HAVE_LIBREADLINE 1
| #define HAVE_RL_DING 1
| #define HAVE_RL_REPLACE_LINE 1
| #define HAVE_RL_COMMAND_FUNC_T 1
| #define HAVE_SYS_SOCKET_H 1
| #define HAVE_NETINET_IN_H 1
| #define HAVE_NETDB_H 1
| #define HAVE_ARPA_INET_H 1
| #define HAVE_LIBNSL 1
| #define HAVE_DIRENT_H 1
| #define STDC_HEADERS 1
| #define HAVE_SYS_WAIT_H 1
| #define HAVE_LIBINTL_H 1
| #define HAVE_FCNTL_H 1
| #define HAVE_MALLOC_H 1
| #define HAVE_STRINGS_H 1
| #define HAVE_SYS_IOCTL_H 1
| #define HAVE_SYS_TIME_H 1
| #define HAVE_TERMIO_H 1
| #define HAVE_UNISTD_H 1
| #define HAVE_STRING_H 1
| #define HAVE_STDDEF_H 1
| #define HAVE_STDLIB_H 1
| #define HAVE_UNISTD_H 1
| #define HAVE_SYS_SELECT_H 1
| #define HAVE_POLL_H 1
| #define HAVE_SYS_POLL_H 1
| /* end confdefs.h.  */
| #include <stdio.h>
| #ifdef HAVE_SYS_TYPES_H
| # include <sys/types.h>
| #endif
| #ifdef HAVE_SYS_STAT_H
| # include <sys/stat.h>
| #endif
| #ifdef STDC_HEADERS
| # include <stdlib.h>
| # include <stddef.h>
| #else
| # ifdef HAVE_STDLIB_H
| #  include <stdlib.h>
| # endif
| #endif
| #ifdef HAVE_STRING_H
| # if !defined STDC_HEADERS && defined HAVE_MEMORY_H
| #  include <memory.h>
| # endif
| # include <string.h>
| #endif
| #ifdef HAVE_STRINGS_H
| # include <strings.h>
| #endif
| #ifdef HAVE_INTTYPES_H
| # include <inttypes.h>
| #endif
| #ifdef HAVE_STDINT_H
| # include <stdint.h>
| #endif
| #ifdef HAVE_UNISTD_H
| # include <unistd.h>
| #endif
| #include <sys/stream.h>
configure:5896: result: no
configure:5900: checking sys/stream.h presence
configure:5915: gcc -E  conftest.c
conftest.c:50:24: error: sys/stream.h: No such file or directory
configure:5921: $? = 1
configure: failed program was:
| /* confdefs.h.  */
| #define PACKAGE_NAME "clewn"
| #define PACKAGE_TARNAME "clewn"
| #define PACKAGE_VERSION "1.15"
| #define PACKAGE_STRING "clewn 1.15"
| #define PACKAGE_BUGREPORT "xdegaye@users.sourceforge.net"
| #define PACKAGE "clewn"
| #define VERSION "1.15"
| #define HAVE_LIBCURSES 1
| #define STDC_HEADERS 1
| #define HAVE_SYS_TYPES_H 1
| #define HAVE_SYS_STAT_H 1
| #define HAVE_STDLIB_H 1
| #define HAVE_STRING_H 1
| #define HAVE_MEMORY_H 1
| #define HAVE_STRINGS_H 1
| #define HAVE_INTTYPES_H 1
| #define HAVE_STDINT_H 1
| #define HAVE_UNISTD_H 1
| #define HAVE_READLINE_READLINE_H 1
| #define HAVE_READLINE_HISTORY_H 1
| #define HAVE_LIBREADLINE 1
| #define HAVE_RL_DING 1
| #define HAVE_RL_REPLACE_LINE 1
| #define HAVE_RL_COMMAND_FUNC_T 1
| #define HAVE_SYS_SOCKET_H 1
| #define HAVE_NETINET_IN_H 1
| #define HAVE_NETDB_H 1
| #define HAVE_ARPA_INET_H 1
| #define HAVE_LIBNSL 1
| #define HAVE_DIRENT_H 1
| #define STDC_HEADERS 1
| #define HAVE_SYS_WAIT_H 1
| #define HAVE_LIBINTL_H 1
| #define HAVE_FCNTL_H 1
| #define HAVE_MALLOC_H 1
| #define HAVE_STRINGS_H 1
| #define HAVE_SYS_IOCTL_H 1
| #define HAVE_SYS_TIME_H 1
| #define HAVE_TERMIO_H 1
| #define HAVE_UNISTD_H 1
| #define HAVE_STRING_H 1
| #define HAVE_STDDEF_H 1
| #define HAVE_STDLIB_H 1
| #define HAVE_UNISTD_H 1
| #define HAVE_SYS_SELECT_H 1
| #define HAVE_POLL_H 1
| #define HAVE_SYS_POLL_H 1
| /* end confdefs.h.  */
| #include <sys/stream.h>
configure:5935: result: no
configure:5968: checking for sys/stream.h
configure:5976: result: no
configure:5859: checking sys/ptem.h usability
configure:5876: gcc -c -g -O2  conftest.c >&5
conftest.c:83:22: error: sys/ptem.h: No such file or directory
configure:5882: $? = 1
configure: failed program was:
| /* confdefs.h.  */
| #define PACKAGE_NAME "clewn"
| #define PACKAGE_TARNAME "clewn"
| #define PACKAGE_VERSION "1.15"
| #define PACKAGE_STRING "clewn 1.15"
| #define PACKAGE_BUGREPORT "xdegaye@users.sourceforge.net"
| #define PACKAGE "clewn"
| #define VERSION "1.15"
| #define HAVE_LIBCURSES 1
| #define STDC_HEADERS 1
| #define HAVE_SYS_TYPES_H 1
| #define HAVE_SYS_STAT_H 1
| #define HAVE_STDLIB_H 1
| #define HAVE_STRING_H 1
| #define HAVE_MEMORY_H 1
| #define HAVE_STRINGS_H 1
| #define HAVE_INTTYPES_H 1
| #define HAVE_STDINT_H 1
| #define HAVE_UNISTD_H 1
| #define HAVE_READLINE_READLINE_H 1
| #define HAVE_READLINE_HISTORY_H 1
| #define HAVE_LIBREADLINE 1
| #define HAVE_RL_DING 1
| #define HAVE_RL_REPLACE_LINE 1
| #define HAVE_RL_COMMAND_FUNC_T 1
| #define HAVE_SYS_SOCKET_H 1
| #define HAVE_NETINET_IN_H 1
| #define HAVE_NETDB_H 1
| #define HAVE_ARPA_INET_H 1
| #define HAVE_LIBNSL 1
| #define HAVE_DIRENT_H 1
| #define STDC_HEADERS 1
| #define HAVE_SYS_WAIT_H 1
| #define HAVE_LIBINTL_H 1
| #define HAVE_FCNTL_H 1
| #define HAVE_MALLOC_H 1
| #define HAVE_STRINGS_H 1
| #define HAVE_SYS_IOCTL_H 1
| #define HAVE_SYS_TIME_H 1
| #define HAVE_TERMIO_H 1
| #define HAVE_UNISTD_H 1
| #define HAVE_STRING_H 1
| #define HAVE_STDDEF_H 1
| #define HAVE_STDLIB_H 1
| #define HAVE_UNISTD_H 1
| #define HAVE_SYS_SELECT_H 1
| #define HAVE_POLL_H 1
| #define HAVE_SYS_POLL_H 1
| /* end confdefs.h.  */
| #include <stdio.h>
| #ifdef HAVE_SYS_TYPES_H
| # include <sys/types.h>
| #endif
| #ifdef HAVE_SYS_STAT_H
| # include <sys/stat.h>
| #endif
| #ifdef STDC_HEADERS
| # include <stdlib.h>
| # include <stddef.h>
| #else
| # ifdef HAVE_STDLIB_H
| #  include <stdlib.h>
| # endif
| #endif
| #ifdef HAVE_STRING_H
| # if !defined STDC_HEADERS && defined HAVE_MEMORY_H
| #  include <memory.h>
| # endif
| # include <string.h>
| #endif
| #ifdef HAVE_STRINGS_H
| # include <strings.h>
| #endif
| #ifdef HAVE_INTTYPES_H
| # include <inttypes.h>
| #endif
| #ifdef HAVE_STDINT_H
| # include <stdint.h>
| #endif
| #ifdef HAVE_UNISTD_H
| # include <unistd.h>
| #endif
| #include <sys/ptem.h>
configure:5896: result: no
configure:5900: checking sys/ptem.h presence
configure:5915: gcc -E  conftest.c
conftest.c:50:22: error: sys/ptem.h: No such file or directory
configure:5921: $? = 1
configure: failed program was:
| /* confdefs.h.  */
| #define PACKAGE_NAME "clewn"
| #define PACKAGE_TARNAME "clewn"
| #define PACKAGE_VERSION "1.15"
| #define PACKAGE_STRING "clewn 1.15"
| #define PACKAGE_BUGREPORT "xdegaye@users.sourceforge.net"
| #define PACKAGE "clewn"
| #define VERSION "1.15"
| #define HAVE_LIBCURSES 1
| #define STDC_HEADERS 1
| #define HAVE_SYS_TYPES_H 1
| #define HAVE_SYS_STAT_H 1
| #define HAVE_STDLIB_H 1
| #define HAVE_STRING_H 1
| #define HAVE_MEMORY_H 1
| #define HAVE_STRINGS_H 1
| #define HAVE_INTTYPES_H 1
| #define HAVE_STDINT_H 1
| #define HAVE_UNISTD_H 1
| #define HAVE_READLINE_READLINE_H 1
| #define HAVE_READLINE_HISTORY_H 1
| #define HAVE_LIBREADLINE 1
| #define HAVE_RL_DING 1
| #define HAVE_RL_REPLACE_LINE 1
| #define HAVE_RL_COMMAND_FUNC_T 1
| #define HAVE_SYS_SOCKET_H 1
| #define HAVE_NETINET_IN_H 1
| #define HAVE_NETDB_H 1
| #define HAVE_ARPA_INET_H 1
| #define HAVE_LIBNSL 1
| #define HAVE_DIRENT_H 1
| #define STDC_HEADERS 1
| #define HAVE_SYS_WAIT_H 1
| #define HAVE_LIBINTL_H 1
| #define HAVE_FCNTL_H 1
| #define HAVE_MALLOC_H 1
| #define HAVE_STRINGS_H 1
| #define HAVE_SYS_IOCTL_H 1
| #define HAVE_SYS_TIME_H 1
| #define HAVE_TERMIO_H 1
| #define HAVE_UNISTD_H 1
| #define HAVE_STRING_H 1
| #define HAVE_STDDEF_H 1
| #define HAVE_STDLIB_H 1
| #define HAVE_UNISTD_H 1
| #define HAVE_SYS_SELECT_H 1
| #define HAVE_POLL_H 1
| #define HAVE_SYS_POLL_H 1
| /* end confdefs.h.  */
| #include <sys/ptem.h>
configure:5935: result: no
configure:5968: checking for sys/ptem.h
configure:5976: result: no
configure:5859: checking termios.h usability
configure:5876: gcc -c -g -O2  conftest.c >&5
configure:5882: $? = 0
configure:5896: result: yes
configure:5900: checking termios.h presence
configure:5915: gcc -E  conftest.c
configure:5921: $? = 0
configure:5935: result: yes
configure:5968: checking for termios.h
configure:5976: result: yes
configure:5991: checking for an ANSI C-conforming const
configure:6066: gcc -c -g -O2  conftest.c >&5
configure:6072: $? = 0
configure:6087: result: yes
configure:6097: checking for mode_t
configure:6127: gcc -c -g -O2  conftest.c >&5
configure:6133: $? = 0
configure:6148: result: yes
configure:6160: checking for obstacks
configure:6191: gcc -o conftest -g -O2   conftest.c -lnsl -lreadline -lcurses  >&5
configure:6197: $? = 0
configure:6214: result: yes
configure:6231: checking for pid_t
configure:6261: gcc -c -g -O2  conftest.c >&5
configure:6267: $? = 0
configure:6282: result: yes
configure:6294: checking for size_t
configure:6324: gcc -c -g -O2  conftest.c >&5
configure:6330: $? = 0
configure:6345: result: yes
configure:6357: checking for struct stat.st_rdev
configure:6385: gcc -c -g -O2  conftest.c >&5
configure:6391: $? = 0
configure:6448: result: yes
configure:6459: checking whether time.h and sys/time.h may both be included
configure:6489: gcc -c -g -O2  conftest.c >&5
configure:6495: $? = 0
configure:6510: result: yes
configure:6522: checking whether closedir returns void
configure:6556: gcc -o conftest -g -O2   conftest.c -lnsl -lreadline -lcurses  >&5
configure:6559: $? = 0
configure:6565: ./conftest
configure:6568: $? = 0
configure:6584: result: no
configure:6609: checking vfork.h usability
configure:6626: gcc -c -g -O2  conftest.c >&5
conftest.c:87:19: error: vfork.h: No such file or directory
configure:6632: $? = 1
configure: failed program was:
| /* confdefs.h.  */
| #define PACKAGE_NAME "clewn"
| #define PACKAGE_TARNAME "clewn"
| #define PACKAGE_VERSION "1.15"
| #define PACKAGE_STRING "clewn 1.15"
| #define PACKAGE_BUGREPORT "xdegaye@users.sourceforge.net"
| #define PACKAGE "clewn"
| #define VERSION "1.15"
| #define HAVE_LIBCURSES 1
| #define STDC_HEADERS 1
| #define HAVE_SYS_TYPES_H 1
| #define HAVE_SYS_STAT_H 1
| #define HAVE_STDLIB_H 1
| #define HAVE_STRING_H 1
| #define HAVE_MEMORY_H 1
| #define HAVE_STRINGS_H 1
| #define HAVE_INTTYPES_H 1
| #define HAVE_STDINT_H 1
| #define HAVE_UNISTD_H 1
| #define HAVE_READLINE_READLINE_H 1
| #define HAVE_READLINE_HISTORY_H 1
| #define HAVE_LIBREADLINE 1
| #define HAVE_RL_DING 1
| #define HAVE_RL_REPLACE_LINE 1
| #define HAVE_RL_COMMAND_FUNC_T 1
| #define HAVE_SYS_SOCKET_H 1
| #define HAVE_NETINET_IN_H 1
| #define HAVE_NETDB_H 1
| #define HAVE_ARPA_INET_H 1
| #define HAVE_LIBNSL 1
| #define HAVE_DIRENT_H 1
| #define STDC_HEADERS 1
| #define HAVE_SYS_WAIT_H 1
| #define HAVE_LIBINTL_H 1
| #define HAVE_FCNTL_H 1
| #define HAVE_MALLOC_H 1
| #define HAVE_STRINGS_H 1
| #define HAVE_SYS_IOCTL_H 1
| #define HAVE_SYS_TIME_H 1
| #define HAVE_TERMIO_H 1
| #define HAVE_UNISTD_H 1
| #define HAVE_STRING_H 1
| #define HAVE_STDDEF_H 1
| #define HAVE_STDLIB_H 1
| #define HAVE_UNISTD_H 1
| #define HAVE_SYS_SELECT_H 1
| #define HAVE_POLL_H 1
| #define HAVE_SYS_POLL_H 1
| #define HAVE_TERMIOS_H 1
| #define HAVE_OBSTACK 1
| #define HAVE_STRUCT_STAT_ST_RDEV 1
| #define TIME_WITH_SYS_TIME 1
| /* end confdefs.h.  */
| #include <stdio.h>
| #ifdef HAVE_SYS_TYPES_H
| # include <sys/types.h>
| #endif
| #ifdef HAVE_SYS_STAT_H
| # include <sys/stat.h>
| #endif
| #ifdef STDC_HEADERS
| # include <stdlib.h>
| # include <stddef.h>
| #else
| # ifdef HAVE_STDLIB_H
| #  include <stdlib.h>
| # endif
| #endif
| #ifdef HAVE_STRING_H
| # if !defined STDC_HEADERS && defined HAVE_MEMORY_H
| #  include <memory.h>
| # endif
| # include <string.h>
| #endif
| #ifdef HAVE_STRINGS_H
| # include <strings.h>
| #endif
| #ifdef HAVE_INTTYPES_H
| # include <inttypes.h>
| #endif
| #ifdef HAVE_STDINT_H
| # include <stdint.h>
| #endif
| #ifdef HAVE_UNISTD_H
| # include <unistd.h>
| #endif
| #include <vfork.h>
configure:6646: result: no
configure:6650: checking vfork.h presence
configure:6665: gcc -E  conftest.c
conftest.c:54:19: error: vfork.h: No such file or directory
configure:6671: $? = 1
configure: failed program was:
| /* confdefs.h.  */
| #define PACKAGE_NAME "clewn"
| #define PACKAGE_TARNAME "clewn"
| #define PACKAGE_VERSION "1.15"
| #define PACKAGE_STRING "clewn 1.15"
| #define PACKAGE_BUGREPORT "xdegaye@users.sourceforge.net"
| #define PACKAGE "clewn"
| #define VERSION "1.15"
| #define HAVE_LIBCURSES 1
| #define STDC_HEADERS 1
| #define HAVE_SYS_TYPES_H 1
| #define HAVE_SYS_STAT_H 1
| #define HAVE_STDLIB_H 1
| #define HAVE_STRING_H 1
| #define HAVE_MEMORY_H 1
| #define HAVE_STRINGS_H 1
| #define HAVE_INTTYPES_H 1
| #define HAVE_STDINT_H 1
| #define HAVE_UNISTD_H 1
| #define HAVE_READLINE_READLINE_H 1
| #define HAVE_READLINE_HISTORY_H 1
| #define HAVE_LIBREADLINE 1
| #define HAVE_RL_DING 1
| #define HAVE_RL_REPLACE_LINE 1
| #define HAVE_RL_COMMAND_FUNC_T 1
| #define HAVE_SYS_SOCKET_H 1
| #define HAVE_NETINET_IN_H 1
| #define HAVE_NETDB_H 1
| #define HAVE_ARPA_INET_H 1
| #define HAVE_LIBNSL 1
| #define HAVE_DIRENT_H 1
| #define STDC_HEADERS 1
| #define HAVE_SYS_WAIT_H 1
| #define HAVE_LIBINTL_H 1
| #define HAVE_FCNTL_H 1
| #define HAVE_MALLOC_H 1
| #define HAVE_STRINGS_H 1
| #define HAVE_SYS_IOCTL_H 1
| #define HAVE_SYS_TIME_H 1
| #define HAVE_TERMIO_H 1
| #define HAVE_UNISTD_H 1
| #define HAVE_STRING_H 1
| #define HAVE_STDDEF_H 1
| #define HAVE_STDLIB_H 1
| #define HAVE_UNISTD_H 1
| #define HAVE_SYS_SELECT_H 1
| #define HAVE_POLL_H 1
| #define HAVE_SYS_POLL_H 1
| #define HAVE_TERMIOS_H 1
| #define HAVE_OBSTACK 1
| #define HAVE_STRUCT_STAT_ST_RDEV 1
| #define TIME_WITH_SYS_TIME 1
| /* end confdefs.h.  */
| #include <vfork.h>
configure:6685: result: no
configure:6718: checking for vfork.h
configure:6726: result: no
configure:6744: checking for fork
configure:6800: gcc -o conftest -g -O2   conftest.c -lnsl -lreadline -lcurses  >&5
conftest.c:77: warning: conflicting types for built-in function 'fork'
configure:6806: $? = 0
configure:6824: result: yes
configure:6744: checking for vfork
configure:6800: gcc -o conftest -g -O2   conftest.c -lnsl -lreadline -lcurses  >&5
configure:6806: $? = 0
configure:6824: result: yes
configure:6835: checking for working fork
configure:6867: gcc -o conftest -g -O2   conftest.c -lnsl -lreadline -lcurses  >&5
configure:6870: $? = 0
configure:6876: ./conftest
configure:6879: $? = 0
configure:6895: result: yes
configure:6916: checking for working vfork
configure:7054: result: yes
configure:7091: checking for sys/select.h
configure:7097: result: yes
configure:7091: checking for sys/socket.h
configure:7097: result: yes
configure:7231: checking types of arguments for select
configure:7269: gcc -c -g -O2  conftest.c >&5
configure:7275: $? = 0
configure:7296: result: int,fd_set *,struct timeval *
configure:7319: checking whether lstat dereferences a symlink specified with a trailing slash
configure:7355: gcc -o conftest -g -O2   conftest.c -lnsl -lreadline -lcurses  >&5
configure:7358: $? = 0
configure:7364: ./conftest
configure:7367: $? = 0
configure:7390: result: yes
configure:7409: checking whether stat accepts an empty string
configure:7439: gcc -o conftest -g -O2   conftest.c -lnsl -lreadline -lcurses  >&5
configure:7442: $? = 0
configure:7448: ./conftest
configure:7451: $? = 0
configure:7467: result: no
configure:7484: checking whether gcc needs -traditional
configure:7526: result: no
configure:7533: checking whether sys/types.h defines makedev
configure:7559: gcc -o conftest -g -O2   conftest.c -lnsl -lreadline -lcurses  >&5
configure:7565: $? = 0
configure:7583: result: yes
configure:7870: checking return type of signal handlers
configure:7898: gcc -c -g -O2  conftest.c >&5
conftest.c: In function 'main':
conftest.c:70: error: void value not ignored as it ought to be
configure:7904: $? = 1
configure: failed program was:
| /* confdefs.h.  */
| #define PACKAGE_NAME "clewn"
| #define PACKAGE_TARNAME "clewn"
| #define PACKAGE_VERSION "1.15"
| #define PACKAGE_STRING "clewn 1.15"
| #define PACKAGE_BUGREPORT "xdegaye@users.sourceforge.net"
| #define PACKAGE "clewn"
| #define VERSION "1.15"
| #define HAVE_LIBCURSES 1
| #define STDC_HEADERS 1
| #define HAVE_SYS_TYPES_H 1
| #define HAVE_SYS_STAT_H 1
| #define HAVE_STDLIB_H 1
| #define HAVE_STRING_H 1
| #define HAVE_MEMORY_H 1
| #define HAVE_STRINGS_H 1
| #define HAVE_INTTYPES_H 1
| #define HAVE_STDINT_H 1
| #define HAVE_UNISTD_H 1
| #define HAVE_READLINE_READLINE_H 1
| #define HAVE_READLINE_HISTORY_H 1
| #define HAVE_LIBREADLINE 1
| #define HAVE_RL_DING 1
| #define HAVE_RL_REPLACE_LINE 1
| #define HAVE_RL_COMMAND_FUNC_T 1
| #define HAVE_SYS_SOCKET_H 1
| #define HAVE_NETINET_IN_H 1
| #define HAVE_NETDB_H 1
| #define HAVE_ARPA_INET_H 1
| #define HAVE_LIBNSL 1
| #define HAVE_DIRENT_H 1
| #define STDC_HEADERS 1
| #define HAVE_SYS_WAIT_H 1
| #define HAVE_LIBINTL_H 1
| #define HAVE_FCNTL_H 1
| #define HAVE_MALLOC_H 1
| #define HAVE_STRINGS_H 1
| #define HAVE_SYS_IOCTL_H 1
| #define HAVE_SYS_TIME_H 1
| #define HAVE_TERMIO_H 1
| #define HAVE_UNISTD_H 1
| #define HAVE_STRING_H 1
| #define HAVE_STDDEF_H 1
| #define HAVE_STDLIB_H 1
| #define HAVE_UNISTD_H 1
| #define HAVE_SYS_SELECT_H 1
| #define HAVE_POLL_H 1
| #define HAVE_SYS_POLL_H 1
| #define HAVE_TERMIOS_H 1
| #define HAVE_OBSTACK 1
| #define HAVE_STRUCT_STAT_ST_RDEV 1
| #define TIME_WITH_SYS_TIME 1
| #define HAVE_FORK 1
| #define HAVE_VFORK 1
| #define HAVE_WORKING_VFORK 1
| #define HAVE_WORKING_FORK 1
| #define HAVE_SYS_SELECT_H 1
| #define HAVE_SYS_SOCKET_H 1
| #define SELECT_TYPE_ARG1 int
| #define SELECT_TYPE_ARG234 (fd_set *)
| #define SELECT_TYPE_ARG5 (struct timeval *)
| #define LSTAT_FOLLOWS_SLASHED_SYMLINK 1
| /* end confdefs.h.  */
| #include <sys/types.h>
| #include <signal.h>
| 
| int
| main ()
| {
| return *(signal (0, 0)) (0) == 1;
|   ;
|   return 0;
| }
configure:7919: result: void
configure:7940: checking for getcwd
configure:7996: gcc -o conftest -g -O2   conftest.c -lnsl -lreadline -lcurses  >&5
configure:8002: $? = 0
configure:8020: result: yes
configure:7940: checking for gethostbyname
configure:7996: gcc -o conftest -g -O2   conftest.c -lnsl -lreadline -lcurses  >&5
configure:8002: $? = 0
configure:8020: result: yes
configure:7940: checking for gettimeofday
configure:7996: gcc -o conftest -g -O2   conftest.c -lnsl -lreadline -lcurses  >&5
configure:8002: $? = 0
configure:8020: result: yes
configure:7940: checking for getwd
configure:7996: gcc -o conftest -g -O2   conftest.c -lnsl -lreadline -lcurses  >&5
/tmp/ccSmTvgK.o: In function `main':
/usr/local/git/Assignment/GDB/clewn-1.15/conftest.c:102: warning: the `getwd' function is dangerous and should not be used.
configure:8002: $? = 0
configure:8020: result: yes
configure:7940: checking for mkdir
configure:7996: gcc -o conftest -g -O2   conftest.c -lnsl -lreadline -lcurses  >&5
configure:8002: $? = 0
configure:8020: result: yes
configure:7940: checking for rmdir
configure:7996: gcc -o conftest -g -O2   conftest.c -lnsl -lreadline -lcurses  >&5
configure:8002: $? = 0
configure:8020: result: yes
configure:7940: checking for select
configure:7996: gcc -o conftest -g -O2   conftest.c -lnsl -lreadline -lcurses  >&5
configure:8002: $? = 0
configure:8020: result: yes
configure:7940: checking for socket
configure:8020: result: yes
configure:7940: checking for strerror
configure:7996: gcc -o conftest -g -O2   conftest.c -lnsl -lreadline -lcurses  >&5
configure:8002: $? = 0
configure:8020: result: yes
configure:7940: checking for strtol
configure:7996: gcc -o conftest -g -O2   conftest.c -lnsl -lreadline -lcurses  >&5
configure:8002: $? = 0
configure:8020: result: yes
configure:8044: checking for fchdir
configure:8100: gcc -o conftest -g -O2   conftest.c -lnsl -lreadline -lcurses  >&5
configure:8106: $? = 0
configure:8124: result: yes
configure:8044: checking for inet_ntoa
configure:8100: gcc -o conftest -g -O2   conftest.c -lnsl -lreadline -lcurses  >&5
configure:8106: $? = 0
configure:8124: result: yes
configure:8044: checking for memset
configure:8100: gcc -o conftest -g -O2   conftest.c -lnsl -lreadline -lcurses  >&5
conftest.c:100: warning: conflicting types for built-in function 'memset'
configure:8106: $? = 0
configure:8124: result: yes
configure:8044: checking for nanosleep
configure:8100: gcc -o conftest -g -O2   conftest.c -lnsl -lreadline -lcurses  >&5
configure:8106: $? = 0
configure:8124: result: yes
configure:8044: checking for regcomp
configure:8100: gcc -o conftest -g -O2   conftest.c -lnsl -lreadline -lcurses  >&5
configure:8106: $? = 0
configure:8124: result: yes
configure:8044: checking for setenv
configure:8100: gcc -o conftest -g -O2   conftest.c -lnsl -lreadline -lcurses  >&5
configure:8106: $? = 0
configure:8124: result: yes
configure:8044: checking for strchr
configure:8100: gcc -o conftest -g -O2   conftest.c -lnsl -lreadline -lcurses  >&5
conftest.c:104: warning: conflicting types for built-in function 'strchr'
configure:8106: $? = 0
configure:8124: result: yes
configure:8044: checking for strrchr
configure:8100: gcc -o conftest -g -O2   conftest.c -lnsl -lreadline -lcurses  >&5
conftest.c:105: warning: conflicting types for built-in function 'strrchr'
configure:8106: $? = 0
configure:8124: result: yes
configure:8044: checking for usleep
configure:8100: gcc -o conftest -g -O2   conftest.c -lnsl -lreadline -lcurses  >&5
configure:8106: $? = 0
configure:8124: result: yes
configure:8044: checking for getpseudotty
configure:8100: gcc -o conftest -g -O2   conftest.c -lnsl -lreadline -lcurses  >&5
/tmp/ccgrAraR.o: In function `main':
/usr/local/git/Assignment/GDB/clewn-1.15/conftest.c:118: undefined reference to `getpseudotty'
collect2: ld returned 1 exit status
configure:8106: $? = 1
configure: failed program was:
| /* confdefs.h.  */
| #define PACKAGE_NAME "clewn"
| #define PACKAGE_TARNAME "clewn"
| #define PACKAGE_VERSION "1.15"
| #define PACKAGE_STRING "clewn 1.15"
| #define PACKAGE_BUGREPORT "xdegaye@users.sourceforge.net"
| #define PACKAGE "clewn"
| #define VERSION "1.15"
| #define HAVE_LIBCURSES 1
| #define STDC_HEADERS 1
| #define HAVE_SYS_TYPES_H 1
| #define HAVE_SYS_STAT_H 1
| #define HAVE_STDLIB_H 1
| #define HAVE_STRING_H 1
| #define HAVE_MEMORY_H 1
| #define HAVE_STRINGS_H 1
| #define HAVE_INTTYPES_H 1
| #define HAVE_STDINT_H 1
| #define HAVE_UNISTD_H 1
| #define HAVE_READLINE_READLINE_H 1
| #define HAVE_READLINE_HISTORY_H 1
| #define HAVE_LIBREADLINE 1
| #define HAVE_RL_DING 1
| #define HAVE_RL_REPLACE_LINE 1
| #define HAVE_RL_COMMAND_FUNC_T 1
| #define HAVE_SYS_SOCKET_H 1
| #define HAVE_NETINET_IN_H 1
| #define HAVE_NETDB_H 1
| #define HAVE_ARPA_INET_H 1
| #define HAVE_LIBNSL 1
| #define HAVE_DIRENT_H 1
| #define STDC_HEADERS 1
| #define HAVE_SYS_WAIT_H 1
| #define HAVE_LIBINTL_H 1
| #define HAVE_FCNTL_H 1
| #define HAVE_MALLOC_H 1
| #define HAVE_STRINGS_H 1
| #define HAVE_SYS_IOCTL_H 1
| #define HAVE_SYS_TIME_H 1
| #define HAVE_TERMIO_H 1
| #define HAVE_UNISTD_H 1
| #define HAVE_STRING_H 1
| #define HAVE_STDDEF_H 1
| #define HAVE_STDLIB_H 1
| #define HAVE_UNISTD_H 1
| #define HAVE_SYS_SELECT_H 1
| #define HAVE_POLL_H 1
| #define HAVE_SYS_POLL_H 1
| #define HAVE_TERMIOS_H 1
| #define HAVE_OBSTACK 1
| #define HAVE_STRUCT_STAT_ST_RDEV 1
| #define TIME_WITH_SYS_TIME 1
| #define HAVE_FORK 1
| #define HAVE_VFORK 1
| #define HAVE_WORKING_VFORK 1
| #define HAVE_WORKING_FORK 1
| #define HAVE_SYS_SELECT_H 1
| #define HAVE_SYS_SOCKET_H 1
| #define SELECT_TYPE_ARG1 int
| #define SELECT_TYPE_ARG234 (fd_set *)
| #define SELECT_TYPE_ARG5 (struct timeval *)
| #define LSTAT_FOLLOWS_SLASHED_SYMLINK 1
| #define RETSIGTYPE void
| #define HAVE_GETCWD 1
| #define HAVE_GETHOSTBYNAME 1
| #define HAVE_GETTIMEOFDAY 1
| #define HAVE_GETWD 1
| #define HAVE_MKDIR 1
| #define HAVE_RMDIR 1
| #define HAVE_SELECT 1
| #define HAVE_SOCKET 1
| #define HAVE_STRERROR 1
| #define HAVE_STRTOL 1
| #define HAVE_FCHDIR 1
| #define HAVE_INET_NTOA 1
| #define HAVE_MEMSET 1
| #define HAVE_NANOSLEEP 1
| #define HAVE_REGCOMP 1
| #define HAVE_SETENV 1
| #define HAVE_STRCHR 1
| #define HAVE_STRRCHR 1
| #define HAVE_USLEEP 1
| /* end confdefs.h.  */
| /* Define getpseudotty to an innocuous variant, in case <limits.h> declares getpseudotty.
|    For example, HP-UX 11i <limits.h> declares gettimeofday.  */
| #define getpseudotty innocuous_getpseudotty
| 
| /* System header to define __stub macros and hopefully few prototypes,
|     which can conflict with char getpseudotty (); below.
|     Prefer <limits.h> to <assert.h> if __STDC__ is defined, since
|     <limits.h> exists even on freestanding compilers.  */
| 
| #ifdef __STDC__
| # include <limits.h>
| #else
| # include <assert.h>
| #endif
| 
| #undef getpseudotty
| 
| /* Override any GCC internal prototype to avoid an error.
|    Use char because int might match the return type of a GCC
|    builtin and then its argument prototype would still apply.  */
| #ifdef __cplusplus
| extern "C"
| #endif
| char getpseudotty ();
| /* The GNU C library defines this for functions which it implements
|     to always fail with ENOSYS.  Some functions are actually named
|     something starting with __ and the normal name is an alias.  */
| #if defined __stub_getpseudotty || defined __stub___getpseudotty
| choke me
| #endif
| 
| int
| main ()
| {
| return getpseudotty ();
|   ;
|   return 0;
| }
configure:8124: result: no
configure:8044: checking for mtrace
configure:8100: gcc -o conftest -g -O2   conftest.c -lnsl -lreadline -lcurses  >&5
configure:8106: $? = 0
configure:8124: result: yes
configure:8137: checking whether memmove/bcopy/memcpy handle overlaps
configure:8171: gcc -o conftest -g -O2   conftest.c -lnsl -lreadline -lcurses  >&5
conftest.c: In function 'main':
conftest.c:88: warning: incompatible implicit declaration of built-in function 'strcpy'
conftest.c:89: warning: incompatible implicit declaration of built-in function 'memmove'
conftest.c:91: warning: incompatible implicit declaration of built-in function 'exit'
configure:8174: $? = 0
configure:8180: ./conftest
configure:8183: $? = 0
configure:8189: result: memmove does
configure:8307: checking whether sys/select.h and sys/time.h may both be included
configure:8333: gcc -c -g -O2  conftest.c >&5
configure:8339: $? = 0
configure:8344: result: yes
configure:8362: checking if strings.h can be included after string.h
configure:8396: gcc -c -g -O2  conftest.c >&5
configure:8402: $? = 0
configure:8407: result: yes
configure:8424: checking for /dev/ptc
configure:8435: result: no
configure:8440: checking for SVR4 ptys
configure:8464: gcc -o conftest -g -O2   conftest.c -lnsl -lreadline -lcurses  >&5
configure:8470: $? = 0
configure:8476: result: yes
configure:8497: checking for ptyranges
configure:8545: result: don't know
configure:8701: creating ./config.status

## ---------------------- ##
## Running config.status. ##
## ---------------------- ##

This file was extended by clewn config.status 1.15, which was
generated by GNU Autoconf 2.61.  Invocation command line was

  CONFIG_FILES    = 
  CONFIG_HEADERS  = 
  CONFIG_LINKS    = 
  CONFIG_COMMANDS = 
  $ ./config.status 

on bg-centos68x64.rackwareinc.lab

config.status:640: creating Makefile
config.status:775: WARNING:  Makefile.in seems to ignore the --datarootdir setting
config.status:640: creating runtime/Makefile
config.status:775: WARNING:  runtime/Makefile.in seems to ignore the --datarootdir setting
config.status:640: creating config.h
config.status:936: config.h is unchanged
config.status:982: executing depfiles commands

## ---------------- ##
## Cache variables. ##
## ---------------- ##

ac_cv_c_compiler_gnu=yes
ac_cv_c_const=yes
ac_cv_env_CC_set=
ac_cv_env_CC_value=
ac_cv_env_CFLAGS_set=
ac_cv_env_CFLAGS_value=
ac_cv_env_CPPFLAGS_set=
ac_cv_env_CPPFLAGS_value=
ac_cv_env_CPP_set=
ac_cv_env_CPP_value=
ac_cv_env_LDFLAGS_set=
ac_cv_env_LDFLAGS_value=
ac_cv_env_LIBS_set=
ac_cv_env_LIBS_value=
ac_cv_env_build_alias_set=
ac_cv_env_build_alias_value=
ac_cv_env_host_alias_set=
ac_cv_env_host_alias_value=
ac_cv_env_target_alias_set=
ac_cv_env_target_alias_value=
ac_cv_env_vimdir_set=set
ac_cv_env_vimdir_value=/root/.vim
ac_cv_func_closedir_void=no
ac_cv_func_fchdir=yes
ac_cv_func_fork=yes
ac_cv_func_fork_works=yes
ac_cv_func_getcwd=yes
ac_cv_func_gethostbyname=yes
ac_cv_func_getpseudotty=no
ac_cv_func_gettimeofday=yes
ac_cv_func_getwd=yes
ac_cv_func_inet_ntoa=yes
ac_cv_func_lstat_dereferences_slashed_symlink=yes
ac_cv_func_memset=yes
ac_cv_func_mkdir=yes
ac_cv_func_mtrace=yes
ac_cv_func_nanosleep=yes
ac_cv_func_obstack=yes
ac_cv_func_regcomp=yes
ac_cv_func_rmdir=yes
ac_cv_func_select=yes
ac_cv_func_select_args='int,fd_set *,struct timeval *'
ac_cv_func_setenv=yes
ac_cv_func_socket=yes
ac_cv_func_stat_empty_string_bug=no
ac_cv_func_strchr=yes
ac_cv_func_strerror=yes
ac_cv_func_strrchr=yes
ac_cv_func_strtol=yes
ac_cv_func_usleep=yes
ac_cv_func_vfork=yes
ac_cv_func_vfork_works=yes
ac_cv_header_arpa_inet_h=yes
ac_cv_header_dirent_dirent_h=yes
ac_cv_header_fcntl_h=yes
ac_cv_header_inttypes_h=yes
ac_cv_header_libintl_h=yes
ac_cv_header_malloc_h=yes
ac_cv_header_memory_h=yes
ac_cv_header_netdb_h=yes
ac_cv_header_netinet_in_h=yes
ac_cv_header_poll_h=yes
ac_cv_header_readline_history_h=yes
ac_cv_header_readline_readline_h=yes
ac_cv_header_stdc=yes
ac_cv_header_stddef_h=yes
ac_cv_header_stdint_h=yes
ac_cv_header_stdlib_h=yes
ac_cv_header_string_h=yes
ac_cv_header_strings_h=yes
ac_cv_header_stropts_h=no
ac_cv_header_sys_ioctl_h=yes
ac_cv_header_sys_poll_h=yes
ac_cv_header_sys_ptem_h=no
ac_cv_header_sys_select_h=yes
ac_cv_header_sys_socket_h=yes
ac_cv_header_sys_stat_h=yes
ac_cv_header_sys_stream_h=no
ac_cv_header_sys_time_h=yes
ac_cv_header_sys_types_h=yes
ac_cv_header_sys_types_h_makedev=yes
ac_cv_header_sys_wait_h=yes
ac_cv_header_termio_h=yes
ac_cv_header_termios_h=yes
ac_cv_header_time=yes
ac_cv_header_unistd_h=yes
ac_cv_header_vfork_h=no
ac_cv_lib_curses_initscr=yes
ac_cv_lib_nsl_gethostbyname=yes
ac_cv_lib_readline_rl_initialize=yes
ac_cv_lib_socket_socket=no
ac_cv_member_struct_stat_st_rdev=yes
ac_cv_objext=o
ac_cv_path_EGREP='/bin/grep -E'
ac_cv_path_GREP=/bin/grep
ac_cv_path_install='/usr/bin/install -c'
ac_cv_prog_AWK=gawk
ac_cv_prog_CPP='gcc -E'
ac_cv_prog_ac_ct_CC=gcc
ac_cv_prog_cc_c89=
ac_cv_prog_cc_g=yes
ac_cv_prog_gcc_traditional=no
ac_cv_prog_make_make_set=yes
ac_cv_search_opendir='none required'
ac_cv_type_mode_t=yes
ac_cv_type_pid_t=yes
ac_cv_type_signal=void
ac_cv_type_size_t=yes
am_cv_CC_dependencies_compiler_type=gcc3

## ----------------- ##
## Output variables. ##
## ----------------- ##

ACLOCAL='${SHELL} /usr/local/git/Assignment/GDB/clewn-1.15/scripts/missing --run aclocal-1.9'
AMDEPBACKSLASH='\'
AMDEP_FALSE='#'
AMDEP_TRUE=''
AMTAR='${SHELL} /usr/local/git/Assignment/GDB/clewn-1.15/scripts/missing --run tar'
AUTOCONF='${SHELL} /usr/local/git/Assignment/GDB/clewn-1.15/scripts/missing --run autoconf'
AUTOHEADER='${SHELL} /usr/local/git/Assignment/GDB/clewn-1.15/scripts/missing --run autoheader'
AUTOMAKE='${SHELL} /usr/local/git/Assignment/GDB/clewn-1.15/scripts/missing --run automake-1.9'
AWK='gawk'
CC='gcc'
CCDEPMODE='depmode=gcc3'
CFLAGS='-g -O2 -Wall'
CPP='gcc -E'
CPPFLAGS=''
CYGPATH_W='echo'
DEBUG_FALSE=''
DEBUG_TRUE='#'
DEFS='-DHAVE_CONFIG_H'
DEPDIR='.deps'
ECHO_C=''
ECHO_N='-n'
ECHO_T=''
EGREP='/bin/grep -E'
EXEEXT=''
GREP='/bin/grep'
INSTALL_DATA='${INSTALL} -m 644'
INSTALL_PROGRAM='${INSTALL}'
INSTALL_SCRIPT='${INSTALL}'
INSTALL_STRIP_PROGRAM='${SHELL} $(install_sh) -c -s'
LDFLAGS=''
LIBOBJS=''
LIBS='-lnsl -lreadline -lcurses '
LTLIBOBJS=''
MAINT='#'
MAINTAINER_MODE_FALSE=''
MAINTAINER_MODE_TRUE='#'
MAKEINFO='${SHELL} /usr/local/git/Assignment/GDB/clewn-1.15/scripts/missing --run makeinfo'
OBJEXT='o'
PACKAGE='clewn'
PACKAGE_BUGREPORT='xdegaye@users.sourceforge.net'
PACKAGE_NAME='clewn'
PACKAGE_STRING='clewn 1.15'
PACKAGE_TARNAME='clewn'
PACKAGE_VERSION='1.15'
PATH_SEPARATOR=':'
SET_MAKE=''
SHELL='/bin/sh'
STRIP=''
VERSION='1.15'
ac_ct_CC='gcc'
am__fastdepCC_FALSE='#'
am__fastdepCC_TRUE=''
am__include='include'
am__leading_dot='.'
am__quote=''
am__tar='${AMTAR} chof - "$$tardir"'
am__untar='${AMTAR} xf -'
bindir='${exec_prefix}/bin'
build_alias=''
datadir='${datarootdir}'
datarootdir='${prefix}/share'
docdir='${datarootdir}/doc/${PACKAGE_TARNAME}'
dvidir='${docdir}'
exec_prefix='${prefix}'
host_alias=''
htmldir='${docdir}'
includedir='${prefix}/include'
infodir='${datarootdir}/info'
install_sh='/usr/local/git/Assignment/GDB/clewn-1.15/scripts/install-sh'
libdir='${exec_prefix}/lib'
libexecdir='${exec_prefix}/libexec'
localedir='${datarootdir}/locale'
localstatedir='${prefix}/var'
mandir='${datarootdir}/man'
mkdir_p='mkdir -p --'
oldincludedir='/usr/include'
pdfdir='${docdir}'
prefix='/root'
program_transform_name='s,x,x,'
psdir='${docdir}'
sbindir='${exec_prefix}/sbin'
sharedstatedir='${prefix}/com'
sysconfdir='${prefix}/etc'
target_alias=''
vimdir='/root/.vim'

## ----------- ##
## confdefs.h. ##
## ----------- ##

#define PACKAGE_NAME "clewn"
#define PACKAGE_TARNAME "clewn"
#define PACKAGE_VERSION "1.15"
#define PACKAGE_STRING "clewn 1.15"
#define PACKAGE_BUGREPORT "xdegaye@users.sourceforge.net"
#define PACKAGE "clewn"
#define VERSION "1.15"
#define HAVE_LIBCURSES 1
#define STDC_HEADERS 1
#define HAVE_SYS_TYPES_H 1
#define HAVE_SYS_STAT_H 1
#define HAVE_STDLIB_H 1
#define HAVE_STRING_H 1
#define HAVE_MEMORY_H 1
#define HAVE_STRINGS_H 1
#define HAVE_INTTYPES_H 1
#define HAVE_STDINT_H 1
#define HAVE_UNISTD_H 1
#define HAVE_READLINE_READLINE_H 1
#define HAVE_READLINE_HISTORY_H 1
#define HAVE_LIBREADLINE 1
#define HAVE_RL_DING 1
#define HAVE_RL_REPLACE_LINE 1
#define HAVE_RL_COMMAND_FUNC_T 1
#define HAVE_SYS_SOCKET_H 1
#define HAVE_NETINET_IN_H 1
#define HAVE_NETDB_H 1
#define HAVE_ARPA_INET_H 1
#define HAVE_LIBNSL 1
#define HAVE_DIRENT_H 1
#define STDC_HEADERS 1
#define HAVE_SYS_WAIT_H 1
#define HAVE_LIBINTL_H 1
#define HAVE_FCNTL_H 1
#define HAVE_MALLOC_H 1
#define HAVE_STRINGS_H 1
#define HAVE_SYS_IOCTL_H 1
#define HAVE_SYS_TIME_H 1
#define HAVE_TERMIO_H 1
#define HAVE_UNISTD_H 1
#define HAVE_STRING_H 1
#define HAVE_STDDEF_H 1
#define HAVE_STDLIB_H 1
#define HAVE_UNISTD_H 1
#define HAVE_SYS_SELECT_H 1
#define HAVE_POLL_H 1
#define HAVE_SYS_POLL_H 1
#define HAVE_TERMIOS_H 1
#define HAVE_OBSTACK 1
#define HAVE_STRUCT_STAT_ST_RDEV 1
#define TIME_WITH_SYS_TIME 1
#define HAVE_FORK 1
#define HAVE_VFORK 1
#define HAVE_WORKING_VFORK 1
#define HAVE_WORKING_FORK 1
#define HAVE_SYS_SELECT_H 1
#define HAVE_SYS_SOCKET_H 1
#define SELECT_TYPE_ARG1 int
#define SELECT_TYPE_ARG234 (fd_set *)
#define SELECT_TYPE_ARG5 (struct timeval *)
#define LSTAT_FOLLOWS_SLASHED_SYMLINK 1
#define RETSIGTYPE void
#define HAVE_GETCWD 1
#define HAVE_GETHOSTBYNAME 1
#define HAVE_GETTIMEOFDAY 1
#define HAVE_GETWD 1
#define HAVE_MKDIR 1
#define HAVE_RMDIR 1
#define HAVE_SELECT 1
#define HAVE_SOCKET 1
#define HAVE_STRERROR 1
#define HAVE_STRTOL 1
#define HAVE_FCHDIR 1
#define HAVE_INET_NTOA 1
#define HAVE_MEMSET 1
#define HAVE_NANOSLEEP 1
#define HAVE_REGCOMP 1
#define HAVE_SETENV 1
#define HAVE_STRCHR 1
#define HAVE_STRRCHR 1
#define HAVE_USLEEP 1
#define HAVE_MTRACE 1
#define USEMEMMOVE 1
#define SYS_SELECT_WITH_SYS_TIME 1
#define HAVE_SVR4_PTYS 1

configure: exit 0
